#
# A fatal error has been detected by the Java Runtime Environment:
#
#  EXCEPTION_ACCESS_VIOLATION (0xc0000005) at pc=0x00007ffcaed87470, pid=2372, tid=6096
#
# JRE version: Java(TM) SE Runtime Environment (15.0.2+7) (build 15.0.2+7-27)
# Java VM: Java HotSpot(TM) 64-Bit Server VM (15.0.2+7-27, mixed mode, sharing, tiered, compressed oops, g1 gc, windows-amd64)
# Problematic frame:
# C  [atio6axx.dll+0xb57470]
#
# No core dump will be written. Minidumps are not enabled by default on client versions of Windows
#
# If you would like to submit a bug report, please visit:
#   https://bugreport.java.com/bugreport/crash.jsp
# The crash happened outside the Java Virtual Machine in native code.
# See problematic frame for where to report the bug.
#

---------------  S U M M A R Y ------------

Command Line: -Dfile.encoding=windows-1252 -Duser.country=GB -Duser.language=en -Duser.variant main.desktop.DesktopLauncher

Host: AMD Ryzen 5 4600H with Radeon Graphics         , 12 cores, 7G,  Windows 10 , 64 bit Build 19041 (10.0.19041.1566)
Time: Mon Mar 14 08:38:11 2022 GMT Standard Time elapsed time: 5.332882 seconds (0d 0h 0m 5s)

---------------  T H R E A D  ---------------

Current thread (0x000001c419ccdfc0):  JavaThread "LWJGL Application" [_thread_in_native, id=6096, stack(0x0000000746300000,0x0000000746400000)]

Stack: [0x0000000746300000,0x0000000746400000],  sp=0x00000007463fea50,  free space=1018k
Native frames: (J=compiled Java code, j=interpreted, Vv=VM code, C=native code)
C  [atio6axx.dll+0xb57470]

Java frames: (J=compiled Java code, j=interpreted, Vv=VM code)
J 902  org.lwjgl.opengl.GL11.nglDrawElements(IIIJJ)V (0 bytes) @ 0x000001c40fc6f106 [0x000001c40fc6f0a0+0x0000000000000066]
J 875 c1 org.lwjgl.opengl.GL11.glDrawElements(ILjava/nio/ShortBuffer;)V (38 bytes) @ 0x000001c408860fec [0x000001c4088607e0+0x000000000000080c]
J 905 c1 com.badlogic.gdx.backends.lwjgl.LwjglGL20.glDrawElements(IIILjava/nio/Buffer;)V (124 bytes) @ 0x000001c40886ea1c [0x000001c40886dc00+0x0000000000000e1c]
J 836 c1 com.badlogic.gdx.graphics.Mesh.render(Lcom/badlogic/gdx/graphics/glutils/ShaderProgram;IIIZ)V (341 bytes) @ 0x000001c40884d9dc [0x000001c40884d320+0x00000000000006bc]
J 870 c1 com.badlogic.gdx.graphics.Mesh.render(Lcom/badlogic/gdx/graphics/glutils/ShaderProgram;III)V (14 bytes) @ 0x000001c40885d9b4 [0x000001c40885d940+0x0000000000000074]
J 682 c1 com.badlogic.gdx.graphics.g2d.SpriteBatch.flush()V (193 bytes) @ 0x000001c408812aac [0x000001c408811ca0+0x0000000000000e0c]
j  com.badlogic.gdx.graphics.g2d.SpriteBatch.end()V+25
j  main.game.menu.Pause.render()V+66
j  main.game.menu.Pause.pauseCycle()V+5
j  main.game.MainRunner.render()V+138
j  com.badlogic.gdx.backends.lwjgl.LwjglApplication.mainLoop()V+776
j  com.badlogic.gdx.backends.lwjgl.LwjglApplication$1.run()V+27
v  ~StubRoutines::call_stub

siginfo: EXCEPTION_ACCESS_VIOLATION (0xc0000005), reading address 0x000001c42431d710


Register to memory mapping:

RIP=0x00007ffcaed87470 atio6axx.dll
RAX=0x0 is NULL
RBX=0x0000000000000006 is an unknown value
RCX=0x000001c41b757b70 points into unknown readable memory: 0x000001c41b968180 | 80 81 96 1b c4 01 00 00
RDX=0x0000000000000006 is an unknown value
RSP=0x00000007463fea50 is pointing into the stack for thread: 0x000001c419ccdfc0
RBP=0x0 is NULL
RSI=0x000001c42431d710 is an unknown value
RDI=0x0000000000001403 is an unknown value
R8 =0x0000000000001403 is an unknown value
R9 =0x000001c42431d710 is an unknown value
R10=0x000001c42431d710 is an unknown value
R11=0x00000007463feb08 is pointing into the stack for thread: 0x000001c419ccdfc0
R12=0x0 is NULL
R13=0x0000000000000004 is an unknown value
R14=0x000001c41b757b70 points into unknown readable memory: 0x000001c41b968180 | 80 81 96 1b c4 01 00 00
R15=0x000001c41b77aa08 points into unknown readable memory: 0x00007ffcb09de490 | 90 e4 9d b0 fc 7f 00 00


Registers:
RAX=0x0000000000000000, RBX=0x0000000000000006, RCX=0x000001c41b757b70, RDX=0x0000000000000006
RSP=0x00000007463fea50, RBP=0x0000000000000000, RSI=0x000001c42431d710, RDI=0x0000000000001403
R8 =0x0000000000001403, R9 =0x000001c42431d710, R10=0x000001c42431d710, R11=0x00000007463feb08
R12=0x0000000000000000, R13=0x0000000000000004, R14=0x000001c41b757b70, R15=0x000001c41b77aa08
RIP=0x00007ffcaed87470, EFLAGS=0x0000000000010293

Top of Stack: (sp=0x00000007463fea50)
0x00000007463fea50:   0000000000000000 0000000f00000000
0x00000007463fea60:   0000000000000000 0000000000000000
0x00000007463fea70:   0000000000000000 0000000200000000
0x00000007463fea80:   0000000000000004 00007ffcaed87761
0x00000007463fea90:   000001c41b77a6f0 000001c42431d710
0x00000007463feaa0:   0000000000000006 0000000000001403
0x00000007463feab0:   000001c400000000 00000007463feb10
0x00000007463feac0:   00000007463feae0 000001c41b77a6f0
0x00000007463fead0:   000001c41b757b70 0000000000800000
0x00000007463feae0:   0000000000000000 0000000000000000
0x00000007463feaf0:   000001c41b77a6f0 0000000000001403
0x00000007463feb00:   000001c41b757b70 00007ffcaeeb65da
0x00000007463feb10:   0000000700000000 000001c41b757bb0
0x00000007463feb20:   00000007463febd9 000001c41b757b70
0x00000007463feb30:   000001c42431d710 00007ffc00000001
0x00000007463feb40:   0000000000000000 0000000000000000 

Instructions: (pc=0x00007ffcaed87470)
0x00007ffcaed87370:   0f 42 c8 41 8b 42 2c 3b c2 76 04 8b d0 eb 05 3b
0x00007ffcaed87380:   c1 0f 42 c8 41 8b 42 28 3b c2 76 04 8b d0 eb 05
0x00007ffcaed87390:   3b c1 0f 42 c8 41 8b 42 24 3b c2 76 04 8b d0 eb
0x00007ffcaed873a0:   05 3b c1 0f 42 c8 41 8b 42 20 3b c2 76 04 8b d0
0x00007ffcaed873b0:   eb 05 3b c1 0f 42 c8 41 8b 42 1c 3b c2 76 04 8b
0x00007ffcaed873c0:   d0 eb 05 3b c1 0f 42 c8 41 8b 42 18 3b c2 76 04
0x00007ffcaed873d0:   8b d0 eb 05 3b c1 0f 42 c8 41 8b 42 14 3b c2 76
0x00007ffcaed873e0:   04 8b d0 eb 05 3b c1 0f 42 c8 41 8b 42 10 3b c2
0x00007ffcaed873f0:   76 04 8b d0 eb 05 3b c1 0f 42 c8 41 8b 42 0c 3b
0x00007ffcaed87400:   c2 76 04 8b d0 eb 05 3b c1 0f 42 c8 41 8b 42 08
0x00007ffcaed87410:   3b c2 76 04 8b d0 eb 05 3b c1 0f 42 c8 41 8b 42
0x00007ffcaed87420:   04 3b c2 76 15 8b d0 48 8b 44 24 68 89 08 48 8b
0x00007ffcaed87430:   44 24 70 89 10 e9 01 02 00 00 3b c1 0f 42 c8 48
0x00007ffcaed87440:   8b 44 24 68 89 08 48 8b 44 24 70 89 10 e9 e9 01
0x00007ffcaed87450:   00 00 83 fb 0f 76 19 4c 8b 4c 24 70 49 8b d2 4c
0x00007ffcaed87460:   8b 44 24 68 8b cb e8 75 08 f0 ff e9 cb 01 00 00
0x00007ffcaed87470:   41 0f b7 12 83 c3 fe 0f b7 ca 83 fb 0d 0f 87 52
0x00007ffcaed87480:   01 00 00 4c 8d 05 76 8b 4a ff 41 8b 84 98 a0 76
0x00007ffcaed87490:   b5 00 49 03 c0 ff e0 41 0f b7 42 1c 66 3b c2 76
0x00007ffcaed874a0:   05 0f b7 d0 eb 04 66 0f 42 c8 41 0f b7 42 1a 66
0x00007ffcaed874b0:   3b c2 76 05 0f b7 d0 eb 07 66 3b c1 66 0f 42 c8
0x00007ffcaed874c0:   41 0f b7 42 18 66 3b c2 76 05 0f b7 d0 eb 07 66
0x00007ffcaed874d0:   3b c1 66 0f 42 c8 41 0f b7 42 16 66 3b c2 76 05
0x00007ffcaed874e0:   0f b7 d0 eb 07 66 3b c1 66 0f 42 c8 41 0f b7 42
0x00007ffcaed874f0:   14 66 3b c2 76 05 0f b7 d0 eb 07 66 3b c1 66 0f
0x00007ffcaed87500:   42 c8 41 0f b7 42 12 66 3b c2 76 05 0f b7 d0 eb
0x00007ffcaed87510:   07 66 3b c1 66 0f 42 c8 41 0f b7 42 10 66 3b c2
0x00007ffcaed87520:   76 05 0f b7 d0 eb 07 66 3b c1 66 0f 42 c8 41 0f
0x00007ffcaed87530:   b7 42 0e 66 3b c2 76 05 0f b7 d0 eb 07 66 3b c1
0x00007ffcaed87540:   66 0f 42 c8 41 0f b7 42 0c 66 3b c2 76 05 0f b7
0x00007ffcaed87550:   d0 eb 07 66 3b c1 66 0f 42 c8 41 0f b7 42 0a 66
0x00007ffcaed87560:   3b c2 76 05 0f b7 d0 eb 07 66 3b c1 66 0f 42 c8 


Stack slot to memory mapping:
stack at sp + 0 slots: 0x0 is NULL
stack at sp + 1 slots: 0x0000000f00000000 is an unknown value
stack at sp + 2 slots: 0x0 is NULL
stack at sp + 3 slots: 0x0 is NULL
stack at sp + 4 slots: 0x0 is NULL
stack at sp + 5 slots: 0x0000000200000000 is an unknown value
stack at sp + 6 slots: 0x0000000000000004 is an unknown value
stack at sp + 7 slots: 0x00007ffcaed87761 atio6axx.dll


---------------  P R O C E S S  ---------------

Threads class SMR info:
_java_thread_list=0x000001c41c13b3c0, length=15, elements={
0x000001c47fa8ce40, 0x000001c47fa8d910, 0x000001c47faab450, 0x000001c47faadd20,
0x000001c47faae6d0, 0x000001c47fab0870, 0x000001c47fab1310, 0x000001c47fab3d10,
0x000001c47fcf75c0, 0x000001c47fcf7da0, 0x000001c419ccdfc0, 0x000001c478286760,
0x000001c4213b9cb0, 0x000001c47feef860, 0x000001c47ff89080
}

Java Threads: ( => current thread )
  0x000001c47fa8ce40 JavaThread "Reference Handler" daemon [_thread_blocked, id=6188, stack(0x0000000745600000,0x0000000745700000)]
  0x000001c47fa8d910 JavaThread "Finalizer" daemon [_thread_blocked, id=18848, stack(0x0000000745700000,0x0000000745800000)]
  0x000001c47faab450 JavaThread "Signal Dispatcher" daemon [_thread_blocked, id=25292, stack(0x0000000745800000,0x0000000745900000)]
  0x000001c47faadd20 JavaThread "Attach Listener" daemon [_thread_blocked, id=24288, stack(0x0000000745900000,0x0000000745a00000)]
  0x000001c47faae6d0 JavaThread "Service Thread" daemon [_thread_blocked, id=14748, stack(0x0000000745a00000,0x0000000745b00000)]
  0x000001c47fab0870 JavaThread "C2 CompilerThread0" daemon [_thread_blocked, id=14876, stack(0x0000000745b00000,0x0000000745c00000)]
  0x000001c47fab1310 JavaThread "C1 CompilerThread0" daemon [_thread_blocked, id=17060, stack(0x0000000745c00000,0x0000000745d00000)]
  0x000001c47fab3d10 JavaThread "Sweeper thread" daemon [_thread_blocked, id=6184, stack(0x0000000745d00000,0x0000000745e00000)]
  0x000001c47fcf75c0 JavaThread "Notification Thread" daemon [_thread_blocked, id=19544, stack(0x0000000745e00000,0x0000000745f00000)]
  0x000001c47fcf7da0 JavaThread "Common-Cleaner" daemon [_thread_blocked, id=14852, stack(0x0000000746000000,0x0000000746100000)]
=>0x000001c419ccdfc0 JavaThread "LWJGL Application" [_thread_in_native, id=6096, stack(0x0000000746300000,0x0000000746400000)]
  0x000001c478286760 JavaThread "DestroyJavaVM" [_thread_blocked, id=15044, stack(0x0000000744f00000,0x0000000745000000)]
  0x000001c4213b9cb0 JavaThread "LWJGL Timer" daemon [_thread_blocked, id=26524, stack(0x0000000746700000,0x0000000746800000)]
  0x000001c47feef860 JavaThread "C2 CompilerThread1" daemon [_thread_blocked, id=4760, stack(0x0000000746800000,0x0000000746900000)]
  0x000001c47ff89080 JavaThread "C2 CompilerThread2" daemon [_thread_blocked, id=19648, stack(0x0000000746900000,0x0000000746a00000)]

Other Threads:
  0x000001c47fa866a0 VMThread "VM Thread" [stack: 0x0000000745500000,0x0000000745600000] [id=7724]
  0x000001c47fcf7a90 WatcherThread [stack: 0x0000000745f00000,0x0000000746000000] [id=20040]
  0x000001c4782c5c70 GCTaskThread "GC Thread#0" [stack: 0x0000000745000000,0x0000000745100000] [id=25056]
  0x000001c4782d5980 ConcurrentGCThread "G1 Main Marker" [stack: 0x0000000745100000,0x0000000745200000] [id=17564]
  0x000001c4782d6570 ConcurrentGCThread "G1 Conc#0" [stack: 0x0000000745200000,0x0000000745300000] [id=16772]
  0x000001c47f900090 ConcurrentGCThread "G1 Refine#0" [stack: 0x0000000745300000,0x0000000745400000] [id=23384]
  0x000001c47f900c90 ConcurrentGCThread "G1 Young RemSet Sampling" [stack: 0x0000000745400000,0x0000000745500000] [id=26596]

Threads with active compile tasks:

VM state: not at safepoint (normal execution)

VM Mutex/Monitor currently owned by a thread: None

Heap address: 0x000000008a200000, size: 1886 MB, Compressed Oops mode: 32-bit
CDS archive(s) mapped at: [0x0000000800000000-0x0000000800b50000-0x0000000800b50000), size 11862016, SharedBaseAddress: 0x0000000800000000, ArchiveRelocationMode: 0.
Compressed class space mapped at: 0x0000000800b50000-0x0000000840b50000, size: 1073741824
Narrow klass base: 0x0000000800000000, Narrow klass shift: 3, Narrow klass range: 0x100000000

GC Precious Log:
 CPUs: 12 total, 12 available
 Memory: 7541M
 Large Page Support: Disabled
 NUMA Support: Disabled
 Compressed Oops: Enabled (32-bit)
 Heap Region Size: 1M
 Heap Min Capacity: 8M
 Heap Initial Capacity: 118M
 Heap Max Capacity: 1886M
 Pre-touch: Disabled
 Parallel Workers: 10
 Concurrent Workers: 3
 Concurrent Refinement Workers: 10
 Periodic GC: Disabled

Heap:
 garbage-first heap   total 120832K, used 18432K [0x000000008a200000, 0x0000000100000000)
  region size 1024K, 20 young (20480K), 0 survivors (0K)
 Metaspace       used 4920K, capacity 7604K, committed 7808K, reserved 1056768K
  class space    used 333K, capacity 622K, committed 640K, reserved 1048576K

Heap Regions: E=young(eden), S=young(survivor), O=old, HS=humongous(starts), HC=humongous(continues), CS=collection set, F=free, OA=open archive, CA=closed archive, TAMS=top-at-mark-start (previous, next)
|   0|0x000000008a200000, 0x000000008a200000, 0x000000008a300000|  0%| F|  |TAMS 0x000000008a200000, 0x000000008a200000| Untracked 
|   1|0x000000008a300000, 0x000000008a300000, 0x000000008a400000|  0%| F|  |TAMS 0x000000008a300000, 0x000000008a300000| Untracked 
|   2|0x000000008a400000, 0x000000008a400000, 0x000000008a500000|  0%| F|  |TAMS 0x000000008a400000, 0x000000008a400000| Untracked 
|   3|0x000000008a500000, 0x000000008a500000, 0x000000008a600000|  0%| F|  |TAMS 0x000000008a500000, 0x000000008a500000| Untracked 
|   4|0x000000008a600000, 0x000000008a600000, 0x000000008a700000|  0%| F|  |TAMS 0x000000008a600000, 0x000000008a600000| Untracked 
|   5|0x000000008a700000, 0x000000008a700000, 0x000000008a800000|  0%| F|  |TAMS 0x000000008a700000, 0x000000008a700000| Untracked 
|   6|0x000000008a800000, 0x000000008a800000, 0x000000008a900000|  0%| F|  |TAMS 0x000000008a800000, 0x000000008a800000| Untracked 
|   7|0x000000008a900000, 0x000000008a900000, 0x000000008aa00000|  0%| F|  |TAMS 0x000000008a900000, 0x000000008a900000| Untracked 
|   8|0x000000008aa00000, 0x000000008aa00000, 0x000000008ab00000|  0%| F|  |TAMS 0x000000008aa00000, 0x000000008aa00000| Untracked 
|   9|0x000000008ab00000, 0x000000008ab00000, 0x000000008ac00000|  0%| F|  |TAMS 0x000000008ab00000, 0x000000008ab00000| Untracked 
|  10|0x000000008ac00000, 0x000000008ac00000, 0x000000008ad00000|  0%| F|  |TAMS 0x000000008ac00000, 0x000000008ac00000| Untracked 
|  11|0x000000008ad00000, 0x000000008ad00000, 0x000000008ae00000|  0%| F|  |TAMS 0x000000008ad00000, 0x000000008ad00000| Untracked 
|  12|0x000000008ae00000, 0x000000008ae00000, 0x000000008af00000|  0%| F|  |TAMS 0x000000008ae00000, 0x000000008ae00000| Untracked 
|  13|0x000000008af00000, 0x000000008af00000, 0x000000008b000000|  0%| F|  |TAMS 0x000000008af00000, 0x000000008af00000| Untracked 
|  14|0x000000008b000000, 0x000000008b000000, 0x000000008b100000|  0%| F|  |TAMS 0x000000008b000000, 0x000000008b000000| Untracked 
|  15|0x000000008b100000, 0x000000008b100000, 0x000000008b200000|  0%| F|  |TAMS 0x000000008b100000, 0x000000008b100000| Untracked 
|  16|0x000000008b200000, 0x000000008b200000, 0x000000008b300000|  0%| F|  |TAMS 0x000000008b200000, 0x000000008b200000| Untracked 
|  17|0x000000008b300000, 0x000000008b300000, 0x000000008b400000|  0%| F|  |TAMS 0x000000008b300000, 0x000000008b300000| Untracked 
|  18|0x000000008b400000, 0x000000008b400000, 0x000000008b500000|  0%| F|  |TAMS 0x000000008b400000, 0x000000008b400000| Untracked 
|  19|0x000000008b500000, 0x000000008b500000, 0x000000008b600000|  0%| F|  |TAMS 0x000000008b500000, 0x000000008b500000| Untracked 
|  20|0x000000008b600000, 0x000000008b600000, 0x000000008b700000|  0%| F|  |TAMS 0x000000008b600000, 0x000000008b600000| Untracked 
|  21|0x000000008b700000, 0x000000008b700000, 0x000000008b800000|  0%| F|  |TAMS 0x000000008b700000, 0x000000008b700000| Untracked 
|  22|0x000000008b800000, 0x000000008b800000, 0x000000008b900000|  0%| F|  |TAMS 0x000000008b800000, 0x000000008b800000| Untracked 
|  23|0x000000008b900000, 0x000000008b900000, 0x000000008ba00000|  0%| F|  |TAMS 0x000000008b900000, 0x000000008b900000| Untracked 
|  24|0x000000008ba00000, 0x000000008ba00000, 0x000000008bb00000|  0%| F|  |TAMS 0x000000008ba00000, 0x000000008ba00000| Untracked 
|  25|0x000000008bb00000, 0x000000008bb00000, 0x000000008bc00000|  0%| F|  |TAMS 0x000000008bb00000, 0x000000008bb00000| Untracked 
|  26|0x000000008bc00000, 0x000000008bc00000, 0x000000008bd00000|  0%| F|  |TAMS 0x000000008bc00000, 0x000000008bc00000| Untracked 
|  27|0x000000008bd00000, 0x000000008bd00000, 0x000000008be00000|  0%| F|  |TAMS 0x000000008bd00000, 0x000000008bd00000| Untracked 
|  28|0x000000008be00000, 0x000000008be00000, 0x000000008bf00000|  0%| F|  |TAMS 0x000000008be00000, 0x000000008be00000| Untracked 
|  29|0x000000008bf00000, 0x000000008bf00000, 0x000000008c000000|  0%| F|  |TAMS 0x000000008bf00000, 0x000000008bf00000| Untracked 
|  30|0x000000008c000000, 0x000000008c000000, 0x000000008c100000|  0%| F|  |TAMS 0x000000008c000000, 0x000000008c000000| Untracked 
|  31|0x000000008c100000, 0x000000008c100000, 0x000000008c200000|  0%| F|  |TAMS 0x000000008c100000, 0x000000008c100000| Untracked 
|  32|0x000000008c200000, 0x000000008c200000, 0x000000008c300000|  0%| F|  |TAMS 0x000000008c200000, 0x000000008c200000| Untracked 
|  33|0x000000008c300000, 0x000000008c300000, 0x000000008c400000|  0%| F|  |TAMS 0x000000008c300000, 0x000000008c300000| Untracked 
|  34|0x000000008c400000, 0x000000008c400000, 0x000000008c500000|  0%| F|  |TAMS 0x000000008c400000, 0x000000008c400000| Untracked 
|  35|0x000000008c500000, 0x000000008c500000, 0x000000008c600000|  0%| F|  |TAMS 0x000000008c500000, 0x000000008c500000| Untracked 
|  36|0x000000008c600000, 0x000000008c600000, 0x000000008c700000|  0%| F|  |TAMS 0x000000008c600000, 0x000000008c600000| Untracked 
|  37|0x000000008c700000, 0x000000008c700000, 0x000000008c800000|  0%| F|  |TAMS 0x000000008c700000, 0x000000008c700000| Untracked 
|  38|0x000000008c800000, 0x000000008c800000, 0x000000008c900000|  0%| F|  |TAMS 0x000000008c800000, 0x000000008c800000| Untracked 
|  39|0x000000008c900000, 0x000000008c900000, 0x000000008ca00000|  0%| F|  |TAMS 0x000000008c900000, 0x000000008c900000| Untracked 
|  40|0x000000008ca00000, 0x000000008ca00000, 0x000000008cb00000|  0%| F|  |TAMS 0x000000008ca00000, 0x000000008ca00000| Untracked 
|  41|0x000000008cb00000, 0x000000008cb00000, 0x000000008cc00000|  0%| F|  |TAMS 0x000000008cb00000, 0x000000008cb00000| Untracked 
|  42|0x000000008cc00000, 0x000000008cc00000, 0x000000008cd00000|  0%| F|  |TAMS 0x000000008cc00000, 0x000000008cc00000| Untracked 
|  43|0x000000008cd00000, 0x000000008cd00000, 0x000000008ce00000|  0%| F|  |TAMS 0x000000008cd00000, 0x000000008cd00000| Untracked 
|  44|0x000000008ce00000, 0x000000008ce00000, 0x000000008cf00000|  0%| F|  |TAMS 0x000000008ce00000, 0x000000008ce00000| Untracked 
|  45|0x000000008cf00000, 0x000000008cf00000, 0x000000008d000000|  0%| F|  |TAMS 0x000000008cf00000, 0x000000008cf00000| Untracked 
|  46|0x000000008d000000, 0x000000008d000000, 0x000000008d100000|  0%| F|  |TAMS 0x000000008d000000, 0x000000008d000000| Untracked 
|  47|0x000000008d100000, 0x000000008d100000, 0x000000008d200000|  0%| F|  |TAMS 0x000000008d100000, 0x000000008d100000| Untracked 
|  48|0x000000008d200000, 0x000000008d200000, 0x000000008d300000|  0%| F|  |TAMS 0x000000008d200000, 0x000000008d200000| Untracked 
|  49|0x000000008d300000, 0x000000008d300000, 0x000000008d400000|  0%| F|  |TAMS 0x000000008d300000, 0x000000008d300000| Untracked 
|  50|0x000000008d400000, 0x000000008d400000, 0x000000008d500000|  0%| F|  |TAMS 0x000000008d400000, 0x000000008d400000| Untracked 
|  51|0x000000008d500000, 0x000000008d500000, 0x000000008d600000|  0%| F|  |TAMS 0x000000008d500000, 0x000000008d500000| Untracked 
|  52|0x000000008d600000, 0x000000008d600000, 0x000000008d700000|  0%| F|  |TAMS 0x000000008d600000, 0x000000008d600000| Untracked 
|  53|0x000000008d700000, 0x000000008d700000, 0x000000008d800000|  0%| F|  |TAMS 0x000000008d700000, 0x000000008d700000| Untracked 
|  54|0x000000008d800000, 0x000000008d800000, 0x000000008d900000|  0%| F|  |TAMS 0x000000008d800000, 0x000000008d800000| Untracked 
|  55|0x000000008d900000, 0x000000008d900000, 0x000000008da00000|  0%| F|  |TAMS 0x000000008d900000, 0x000000008d900000| Untracked 
|  56|0x000000008da00000, 0x000000008da00000, 0x000000008db00000|  0%| F|  |TAMS 0x000000008da00000, 0x000000008da00000| Untracked 
|  57|0x000000008db00000, 0x000000008db00000, 0x000000008dc00000|  0%| F|  |TAMS 0x000000008db00000, 0x000000008db00000| Untracked 
|  58|0x000000008dc00000, 0x000000008dc00000, 0x000000008dd00000|  0%| F|  |TAMS 0x000000008dc00000, 0x000000008dc00000| Untracked 
|  59|0x000000008dd00000, 0x000000008dd00000, 0x000000008de00000|  0%| F|  |TAMS 0x000000008dd00000, 0x000000008dd00000| Untracked 
|  60|0x000000008de00000, 0x000000008de00000, 0x000000008df00000|  0%| F|  |TAMS 0x000000008de00000, 0x000000008de00000| Untracked 
|  61|0x000000008df00000, 0x000000008df00000, 0x000000008e000000|  0%| F|  |TAMS 0x000000008df00000, 0x000000008df00000| Untracked 
|  62|0x000000008e000000, 0x000000008e000000, 0x000000008e100000|  0%| F|  |TAMS 0x000000008e000000, 0x000000008e000000| Untracked 
|  63|0x000000008e100000, 0x000000008e100000, 0x000000008e200000|  0%| F|  |TAMS 0x000000008e100000, 0x000000008e100000| Untracked 
|  64|0x000000008e200000, 0x000000008e200000, 0x000000008e300000|  0%| F|  |TAMS 0x000000008e200000, 0x000000008e200000| Untracked 
|  65|0x000000008e300000, 0x000000008e300000, 0x000000008e400000|  0%| F|  |TAMS 0x000000008e300000, 0x000000008e300000| Untracked 
|  66|0x000000008e400000, 0x000000008e400000, 0x000000008e500000|  0%| F|  |TAMS 0x000000008e400000, 0x000000008e400000| Untracked 
|  67|0x000000008e500000, 0x000000008e500000, 0x000000008e600000|  0%| F|  |TAMS 0x000000008e500000, 0x000000008e500000| Untracked 
|  68|0x000000008e600000, 0x000000008e600000, 0x000000008e700000|  0%| F|  |TAMS 0x000000008e600000, 0x000000008e600000| Untracked 
|  69|0x000000008e700000, 0x000000008e700000, 0x000000008e800000|  0%| F|  |TAMS 0x000000008e700000, 0x000000008e700000| Untracked 
|  70|0x000000008e800000, 0x000000008e800000, 0x000000008e900000|  0%| F|  |TAMS 0x000000008e800000, 0x000000008e800000| Untracked 
|  71|0x000000008e900000, 0x000000008e900000, 0x000000008ea00000|  0%| F|  |TAMS 0x000000008e900000, 0x000000008e900000| Untracked 
|  72|0x000000008ea00000, 0x000000008ea00000, 0x000000008eb00000|  0%| F|  |TAMS 0x000000008ea00000, 0x000000008ea00000| Untracked 
|  73|0x000000008eb00000, 0x000000008eb00000, 0x000000008ec00000|  0%| F|  |TAMS 0x000000008eb00000, 0x000000008eb00000| Untracked 
|  74|0x000000008ec00000, 0x000000008ec00000, 0x000000008ed00000|  0%| F|  |TAMS 0x000000008ec00000, 0x000000008ec00000| Untracked 
|  75|0x000000008ed00000, 0x000000008ed00000, 0x000000008ee00000|  0%| F|  |TAMS 0x000000008ed00000, 0x000000008ed00000| Untracked 
|  76|0x000000008ee00000, 0x000000008ee00000, 0x000000008ef00000|  0%| F|  |TAMS 0x000000008ee00000, 0x000000008ee00000| Untracked 
|  77|0x000000008ef00000, 0x000000008ef00000, 0x000000008f000000|  0%| F|  |TAMS 0x000000008ef00000, 0x000000008ef00000| Untracked 
|  78|0x000000008f000000, 0x000000008f000000, 0x000000008f100000|  0%| F|  |TAMS 0x000000008f000000, 0x000000008f000000| Untracked 
|  79|0x000000008f100000, 0x000000008f100000, 0x000000008f200000|  0%| F|  |TAMS 0x000000008f100000, 0x000000008f100000| Untracked 
|  80|0x000000008f200000, 0x000000008f200000, 0x000000008f300000|  0%| F|  |TAMS 0x000000008f200000, 0x000000008f200000| Untracked 
|  81|0x000000008f300000, 0x000000008f300000, 0x000000008f400000|  0%| F|  |TAMS 0x000000008f300000, 0x000000008f300000| Untracked 
|  82|0x000000008f400000, 0x000000008f400000, 0x000000008f500000|  0%| F|  |TAMS 0x000000008f400000, 0x000000008f400000| Untracked 
|  83|0x000000008f500000, 0x000000008f500000, 0x000000008f600000|  0%| F|  |TAMS 0x000000008f500000, 0x000000008f500000| Untracked 
|  84|0x000000008f600000, 0x000000008f600000, 0x000000008f700000|  0%| F|  |TAMS 0x000000008f600000, 0x000000008f600000| Untracked 
|  85|0x000000008f700000, 0x000000008f700000, 0x000000008f800000|  0%| F|  |TAMS 0x000000008f700000, 0x000000008f700000| Untracked 
|  86|0x000000008f800000, 0x000000008f800000, 0x000000008f900000|  0%| F|  |TAMS 0x000000008f800000, 0x000000008f800000| Untracked 
|  87|0x000000008f900000, 0x000000008f900000, 0x000000008fa00000|  0%| F|  |TAMS 0x000000008f900000, 0x000000008f900000| Untracked 
|  88|0x000000008fa00000, 0x000000008fa00000, 0x000000008fb00000|  0%| F|  |TAMS 0x000000008fa00000, 0x000000008fa00000| Untracked 
|  89|0x000000008fb00000, 0x000000008fb00000, 0x000000008fc00000|  0%| F|  |TAMS 0x000000008fb00000, 0x000000008fb00000| Untracked 
|  90|0x000000008fc00000, 0x000000008fc00000, 0x000000008fd00000|  0%| F|  |TAMS 0x000000008fc00000, 0x000000008fc00000| Untracked 
|  91|0x000000008fd00000, 0x000000008fd00000, 0x000000008fe00000|  0%| F|  |TAMS 0x000000008fd00000, 0x000000008fd00000| Untracked 
|  92|0x000000008fe00000, 0x000000008fe00000, 0x000000008ff00000|  0%| F|  |TAMS 0x000000008fe00000, 0x000000008fe00000| Untracked 
|  93|0x000000008ff00000, 0x000000008ff00000, 0x0000000090000000|  0%| F|  |TAMS 0x000000008ff00000, 0x000000008ff00000| Untracked 
|  94|0x0000000090000000, 0x0000000090000000, 0x0000000090100000|  0%| F|  |TAMS 0x0000000090000000, 0x0000000090000000| Untracked 
|  95|0x0000000090100000, 0x0000000090100000, 0x0000000090200000|  0%| F|  |TAMS 0x0000000090100000, 0x0000000090100000| Untracked 
|  96|0x0000000090200000, 0x0000000090200000, 0x0000000090300000|  0%| F|  |TAMS 0x0000000090200000, 0x0000000090200000| Untracked 
|  97|0x0000000090300000, 0x0000000090300000, 0x0000000090400000|  0%| F|  |TAMS 0x0000000090300000, 0x0000000090300000| Untracked 
|  98|0x0000000090400000, 0x00000000904f6368, 0x0000000090500000| 96%| E|  |TAMS 0x0000000090400000, 0x0000000090400000| Complete 
|  99|0x0000000090500000, 0x0000000090600000, 0x0000000090600000|100%| E|CS|TAMS 0x0000000090500000, 0x0000000090500000| Complete 
| 100|0x0000000090600000, 0x0000000090700000, 0x0000000090700000|100%| E|CS|TAMS 0x0000000090600000, 0x0000000090600000| Complete 
| 101|0x0000000090700000, 0x0000000090800000, 0x0000000090800000|100%| E|CS|TAMS 0x0000000090700000, 0x0000000090700000| Complete 
| 102|0x0000000090800000, 0x0000000090900000, 0x0000000090900000|100%| E|  |TAMS 0x0000000090800000, 0x0000000090800000| Complete 
| 103|0x0000000090900000, 0x0000000090a00000, 0x0000000090a00000|100%| E|CS|TAMS 0x0000000090900000, 0x0000000090900000| Complete 
| 104|0x0000000090a00000, 0x0000000090b00000, 0x0000000090b00000|100%| E|CS|TAMS 0x0000000090a00000, 0x0000000090a00000| Complete 
| 105|0x0000000090b00000, 0x0000000090c00000, 0x0000000090c00000|100%| E|CS|TAMS 0x0000000090b00000, 0x0000000090b00000| Complete 
| 106|0x0000000090c00000, 0x0000000090d00000, 0x0000000090d00000|100%| E|CS|TAMS 0x0000000090c00000, 0x0000000090c00000| Complete 
| 107|0x0000000090d00000, 0x0000000090e00000, 0x0000000090e00000|100%| E|CS|TAMS 0x0000000090d00000, 0x0000000090d00000| Complete 
| 108|0x0000000090e00000, 0x0000000090f00000, 0x0000000090f00000|100%| E|CS|TAMS 0x0000000090e00000, 0x0000000090e00000| Complete 
| 109|0x0000000090f00000, 0x0000000091000000, 0x0000000091000000|100%| E|CS|TAMS 0x0000000090f00000, 0x0000000090f00000| Complete 
| 110|0x0000000091000000, 0x0000000091100000, 0x0000000091100000|100%| E|CS|TAMS 0x0000000091000000, 0x0000000091000000| Complete 
| 111|0x0000000091100000, 0x0000000091200000, 0x0000000091200000|100%| E|CS|TAMS 0x0000000091100000, 0x0000000091100000| Complete 
| 112|0x0000000091200000, 0x0000000091300000, 0x0000000091300000|100%| E|CS|TAMS 0x0000000091200000, 0x0000000091200000| Complete 
| 113|0x0000000091300000, 0x0000000091400000, 0x0000000091400000|100%| E|CS|TAMS 0x0000000091300000, 0x0000000091300000| Complete 
| 114|0x0000000091400000, 0x0000000091500000, 0x0000000091500000|100%| E|CS|TAMS 0x0000000091400000, 0x0000000091400000| Complete 
| 115|0x0000000091500000, 0x0000000091600000, 0x0000000091600000|100%| E|CS|TAMS 0x0000000091500000, 0x0000000091500000| Complete 
| 116|0x0000000091600000, 0x0000000091700000, 0x0000000091700000|100%| E|CS|TAMS 0x0000000091600000, 0x0000000091600000| Complete 
| 117|0x0000000091700000, 0x0000000091800000, 0x0000000091800000|100%| E|CS|TAMS 0x0000000091700000, 0x0000000091700000| Complete 

Card table byte_map: [0x000001c47ab60000,0x000001c47af10000] _byte_map_base: 0x000001c47a70f000

Marking Bits (Prev, Next): (CMBitMap*) 0x000001c4782c6460, (CMBitMap*) 0x000001c4782c64a0
 Prev Bits: [0x000001c47b2c0000, 0x000001c47d038000)
 Next Bits: [0x000001c47d040000, 0x000001c47edb8000)

Polling page: 0x000001c478350000

Metaspace:

Usage:
  Non-class:      6.82 MB capacity,     4.48 MB ( 66%) used,     2.34 MB ( 34%) free+waste,     3.50 KB ( <1%) overhead. 
      Class:    622.00 KB capacity,   333.72 KB ( 54%) used,   287.28 KB ( 46%) free+waste,     1.00 KB ( <1%) overhead. 
       Both:      7.43 MB capacity,     4.81 MB ( 65%) used,     2.62 MB ( 35%) free+waste,     4.50 KB ( <1%) overhead. 

Virtual space:
  Non-class space:        8.00 MB reserved,       7.00 MB ( 88%) committed 
      Class space:        1.00 GB reserved,     640.00 KB ( <1%) committed 
             Both:        1.01 GB reserved,       7.62 MB ( <1%) committed 

Chunk freelists:
   Non-Class:  122.00 KB
       Class:  18.00 KB
        Both:  140.00 KB

MaxMetaspaceSize: 17179869184.00 GB
CompressedClassSpaceSize: 1.00 GB

CodeHeap 'non-profiled nmethods': size=120000Kb used=373Kb max_used=373Kb free=119626Kb
 bounds [0x000001c40fc30000, 0x000001c40fea0000, 0x000001c417160000]
CodeHeap 'profiled nmethods': size=120000Kb used=1912Kb max_used=1912Kb free=118087Kb
 bounds [0x000001c408700000, 0x000001c408970000, 0x000001c40fc30000]
CodeHeap 'non-nmethods': size=5760Kb used=1264Kb max_used=1306Kb free=4496Kb
 bounds [0x000001c408160000, 0x000001c4083d0000, 0x000001c408700000]
 total_blobs=1682 nmethods=1133 adapters=462
 compilation: enabled
              stopped_count=0, restarted_count=0
 full_count=0

Compilation events (20 events):
Event: 5.317 Thread 0x000001c47fab1310 1124       3       org.lwjgl.MemoryUtil::getAddress (10 bytes)
Event: 5.317 Thread 0x000001c47fab1310 nmethod 1124 0x000001c4088da590 code [0x000001c4088da740, 0x000001c4088da998]
Event: 5.318 Thread 0x000001c47fab1310 1125       3       java.util.regex.Pattern::append (43 bytes)
Event: 5.318 Thread 0x000001c47fab0870 1126       4       java.lang.Character::charCount (12 bytes)
Event: 5.318 Thread 0x000001c47fab1310 nmethod 1125 0x000001c4088dab10 code [0x000001c4088dad00, 0x000001c4088db238]
Event: 5.318 Thread 0x000001c47fab0870 nmethod 1126 0x000001c40fc8d290 code [0x000001c40fc8d400, 0x000001c40fc8d458]
Event: 5.318 Thread 0x000001c47fab1310 1128       3       java.util.zip.ZipCoder$UTF8ZipCoder::hasTrailingSlash (20 bytes)
Event: 5.319 Thread 0x000001c47fab1310 nmethod 1128 0x000001c4088db490 code [0x000001c4088db620, 0x000001c4088db7d8]
Event: 5.319 Thread 0x000001c47fab1310 1127       3       jdk.internal.loader.URLClassPath$JarLoader::findResource (18 bytes)
Event: 5.319 Thread 0x000001c47fab1310 nmethod 1127 0x000001c4088db890 code [0x000001c4088dba40, 0x000001c4088dbc98]
Event: 5.319 Thread 0x000001c47fab1310 1129       3       com.badlogic.gdx.graphics.glutils.ShaderProgram::setUniformMatrix (25 bytes)
Event: 5.320 Thread 0x000001c47fab1310 nmethod 1129 0x000001c4088dbd90 code [0x000001c4088dbf60, 0x000001c4088dc218]
Event: 5.320 Thread 0x000001c47fab1310 1130       3       com.badlogic.gdx.backends.lwjgl.LwjglGL20::glUniformMatrix4fv (17 bytes)
Event: 5.320 Thread 0x000001c47fab1310 nmethod 1130 0x000001c4088dc390 code [0x000001c4088dc560, 0x000001c4088dc9a8]
Event: 5.320 Thread 0x000001c47fab1310 1131       3       com.badlogic.gdx.backends.lwjgl.LwjglGL20::toFloatBuffer (30 bytes)
Event: 5.320 Thread 0x000001c47fab1310 nmethod 1131 0x000001c4088dcb90 code [0x000001c4088dcd60, 0x000001c4088dd0b8]
Event: 5.320 Thread 0x000001c47fab1310 1132       3       com.badlogic.gdx.backends.lwjgl.LwjglGL20::ensureBufferCapacity (49 bytes)
Event: 5.320 Thread 0x000001c47fab1310 nmethod 1132 0x000001c4088dd290 code [0x000001c4088dd4a0, 0x000001c4088ddad8]
Event: 5.320 Thread 0x000001c47fab1310 1133       3       java.nio.FloatBuffer::clear (5 bytes)
Event: 5.320 Thread 0x000001c47fab1310 nmethod 1133 0x000001c4088ddc90 code [0x000001c4088dde40, 0x000001c4088de018]

GC Heap History (0 events):
No events

Deoptimization events (20 events):
Event: 5.234 Thread 0x000001c419ccdfc0 DEOPT PACKING pc=0x000001c4088b70e7 sp=0x00000007463fe9a0
Event: 5.234 Thread 0x000001c419ccdfc0 DEOPT UNPACKING pc=0x000001c4081ae23f sp=0x00000007463fdf18 mode 0
Event: 5.234 Thread 0x000001c419ccdfc0 DEOPT PACKING pc=0x000001c4088b70e7 sp=0x00000007463fe9a0
Event: 5.234 Thread 0x000001c419ccdfc0 DEOPT UNPACKING pc=0x000001c4081ae23f sp=0x00000007463fdf18 mode 0
Event: 5.267 Thread 0x000001c419ccdfc0 Uncommon trap: trap_request=0xffffffc6 fr.pc=0x000001c40fc81bac relative=0x0000000000002aac
Event: 5.267 Thread 0x000001c419ccdfc0 Uncommon trap: reason=bimorphic_or_optimized_type_check action=maybe_recompile pc=0x000001c40fc81bac method=java.util.regex.Pattern$BmpCharProperty.match(Ljava/util/regex/Matcher;ILjava/lang/CharSequence;)Z @ 36 c2
Event: 5.267 Thread 0x000001c419ccdfc0 DEOPT PACKING pc=0x000001c40fc81bac sp=0x00000007463feaa0
Event: 5.267 Thread 0x000001c419ccdfc0 DEOPT UNPACKING pc=0x000001c4081ae42f sp=0x00000007463feae8 mode 2
Event: 5.267 Thread 0x000001c419ccdfc0 Uncommon trap: trap_request=0xffffffc6 fr.pc=0x000001c40fc81bac relative=0x0000000000002aac
Event: 5.267 Thread 0x000001c419ccdfc0 Uncommon trap: reason=bimorphic_or_optimized_type_check action=maybe_recompile pc=0x000001c40fc81bac method=java.util.regex.Pattern$BmpCharProperty.match(Ljava/util/regex/Matcher;ILjava/lang/CharSequence;)Z @ 36 c2
Event: 5.267 Thread 0x000001c419ccdfc0 DEOPT PACKING pc=0x000001c40fc81bac sp=0x00000007463fe860
Event: 5.267 Thread 0x000001c419ccdfc0 DEOPT UNPACKING pc=0x000001c4081ae42f sp=0x00000007463fe8a8 mode 2
Event: 5.284 Thread 0x000001c419ccdfc0 Uncommon trap: trap_request=0xffffffc6 fr.pc=0x000001c40fc81bac relative=0x0000000000002aac
Event: 5.284 Thread 0x000001c419ccdfc0 Uncommon trap: reason=bimorphic_or_optimized_type_check action=maybe_recompile pc=0x000001c40fc81bac method=java.util.regex.Pattern$BmpCharProperty.match(Ljava/util/regex/Matcher;ILjava/lang/CharSequence;)Z @ 36 c2
Event: 5.284 Thread 0x000001c419ccdfc0 DEOPT PACKING pc=0x000001c40fc81bac sp=0x00000007463feaa0
Event: 5.284 Thread 0x000001c419ccdfc0 DEOPT UNPACKING pc=0x000001c4081ae42f sp=0x00000007463feae8 mode 2
Event: 5.284 Thread 0x000001c419ccdfc0 Uncommon trap: trap_request=0xffffffc6 fr.pc=0x000001c40fc81bac relative=0x0000000000002aac
Event: 5.284 Thread 0x000001c419ccdfc0 Uncommon trap: reason=bimorphic_or_optimized_type_check action=maybe_recompile pc=0x000001c40fc81bac method=java.util.regex.Pattern$BmpCharProperty.match(Ljava/util/regex/Matcher;ILjava/lang/CharSequence;)Z @ 36 c2
Event: 5.284 Thread 0x000001c419ccdfc0 DEOPT PACKING pc=0x000001c40fc81bac sp=0x00000007463fe860
Event: 5.284 Thread 0x000001c419ccdfc0 DEOPT UNPACKING pc=0x000001c4081ae42f sp=0x00000007463fe8a8 mode 2

Classes unloaded (0 events):
No events

Classes redefined (0 events):
No events

Internal exceptions (0 events):
No events

Events (20 events):
Event: 5.171 loading class jdk/internal/reflect/ByteVector
Event: 5.171 loading class jdk/internal/reflect/ByteVector done
Event: 5.171 loading class jdk/internal/reflect/ByteVectorImpl done
Event: 5.171 loading class jdk/internal/reflect/ClassFileAssembler
Event: 5.171 loading class jdk/internal/reflect/ClassFileAssembler done
Event: 5.171 loading class jdk/internal/reflect/UTF8
Event: 5.171 loading class jdk/internal/reflect/UTF8 done
Event: 5.171 loading class jdk/internal/reflect/Label
Event: 5.171 loading class jdk/internal/reflect/Label done
Event: 5.171 loading class jdk/internal/reflect/Label$PatchInfo
Event: 5.171 loading class jdk/internal/reflect/Label$PatchInfo done
Event: 5.171 loading class jdk/internal/reflect/MethodAccessorGenerator$1
Event: 5.171 loading class jdk/internal/reflect/MethodAccessorGenerator$1 done
Event: 5.171 loading class jdk/internal/reflect/ClassDefiner
Event: 5.172 loading class jdk/internal/reflect/ClassDefiner done
Event: 5.172 loading class jdk/internal/reflect/ClassDefiner$1
Event: 5.172 loading class jdk/internal/reflect/ClassDefiner$1 done
Event: 5.172 loading class jdk/internal/reflect/BootstrapConstructorAccessorImpl
Event: 5.172 loading class jdk/internal/reflect/BootstrapConstructorAccessorImpl done
Event: 5.201 Thread 0x000001c47ff89080 Thread added: 0x000001c47ff89080


Dynamic libraries:
0x00007ff656180000 - 0x00007ff65618f000 	C:\Program Files\Java\jdk-15.0.2\bin\java.exe
0x00007ffd38490000 - 0x00007ffd38685000 	C:\WINDOWS\SYSTEM32\ntdll.dll
0x00007ffd37c10000 - 0x00007ffd37cce000 	C:\WINDOWS\System32\KERNEL32.DLL
0x00007ffd35c20000 - 0x00007ffd35ee8000 	C:\WINDOWS\System32\KERNELBASE.dll
0x00007ffd32f70000 - 0x00007ffd33000000 	C:\WINDOWS\SYSTEM32\apphelp.dll
0x00007ffd35fd0000 - 0x00007ffd360d0000 	C:\WINDOWS\System32\ucrtbase.dll
0x00007ffd262f0000 - 0x00007ffd26308000 	C:\Program Files\Java\jdk-15.0.2\bin\jli.dll
0x00007ffd383a0000 - 0x00007ffd3844e000 	C:\WINDOWS\System32\ADVAPI32.dll
0x00007ffd37b70000 - 0x00007ffd37c0e000 	C:\WINDOWS\System32\msvcrt.dll
0x00007ffd26290000 - 0x00007ffd262a9000 	C:\Program Files\Java\jdk-15.0.2\bin\VCRUNTIME140.dll
0x00007ffd37ed0000 - 0x00007ffd37f6c000 	C:\WINDOWS\System32\sechost.dll
0x00007ffd380d0000 - 0x00007ffd381f5000 	C:\WINDOWS\System32\RPCRT4.dll
0x00007ffd37d30000 - 0x00007ffd37ed0000 	C:\WINDOWS\System32\USER32.dll
0x00007ffd35ef0000 - 0x00007ffd35f12000 	C:\WINDOWS\System32\win32u.dll
0x00007ffd37f70000 - 0x00007ffd37f9b000 	C:\WINDOWS\System32\GDI32.dll
0x00007ffd36280000 - 0x00007ffd3638b000 	C:\WINDOWS\System32\gdi32full.dll
0x00007ffd1c990000 - 0x00007ffd1cc2a000 	C:\WINDOWS\WinSxS\amd64_microsoft.windows.common-controls_6595b64144ccf1df_6.0.19041.1110_none_60b5254171f9507e\COMCTL32.dll
0x00007ffd36160000 - 0x00007ffd361fd000 	C:\WINDOWS\System32\msvcp_win.dll
0x00007ffd2f980000 - 0x00007ffd2f98a000 	C:\WINDOWS\SYSTEM32\VERSION.dll
0x00007ffd37a00000 - 0x00007ffd37a30000 	C:\WINDOWS\System32\IMM32.DLL
0x00007ffd2fc50000 - 0x00007ffd2fc5c000 	C:\Program Files\Java\jdk-15.0.2\bin\vcruntime140_1.dll
0x00007ffcdb980000 - 0x00007ffcdba11000 	C:\Program Files\Java\jdk-15.0.2\bin\msvcp140.dll
0x00007ffcb26c0000 - 0x00007ffcb321e000 	C:\Program Files\Java\jdk-15.0.2\bin\server\jvm.dll
0x00007ffd367f0000 - 0x00007ffd367f8000 	C:\WINDOWS\System32\PSAPI.DLL
0x00007ffd20920000 - 0x00007ffd20947000 	C:\WINDOWS\SYSTEM32\WINMM.dll
0x00007ffd11410000 - 0x00007ffd11419000 	C:\WINDOWS\SYSTEM32\WSOCK32.dll
0x00007ffd38330000 - 0x00007ffd3839b000 	C:\WINDOWS\System32\WS2_32.dll
0x00007ffd34480000 - 0x00007ffd34492000 	C:\WINDOWS\SYSTEM32\kernel.appcore.dll
0x00007ffd26210000 - 0x00007ffd2621a000 	C:\Program Files\Java\jdk-15.0.2\bin\jimage.dll
0x00007ffd34230000 - 0x00007ffd34414000 	C:\WINDOWS\SYSTEM32\DBGHELP.DLL
0x00007ffd26880000 - 0x00007ffd268ac000 	C:\WINDOWS\SYSTEM32\dbgcore.DLL
0x00007ffd360d0000 - 0x00007ffd36152000 	C:\WINDOWS\System32\bcryptPrimitives.dll
0x00007ffd1a380000 - 0x00007ffd1a3a5000 	C:\Program Files\Java\jdk-15.0.2\bin\java.dll
0x00007ffd36c70000 - 0x00007ffd373b4000 	C:\WINDOWS\System32\SHELL32.dll
0x00007ffd33a90000 - 0x00007ffd34224000 	C:\WINDOWS\SYSTEM32\windows.storage.dll
0x00007ffd376a0000 - 0x00007ffd379f4000 	C:\WINDOWS\System32\combase.dll
0x00007ffd35540000 - 0x00007ffd3556c000 	C:\WINDOWS\SYSTEM32\Wldp.dll
0x00007ffd37fc0000 - 0x00007ffd3806d000 	C:\WINDOWS\System32\SHCORE.dll
0x00007ffd38070000 - 0x00007ffd380c5000 	C:\WINDOWS\System32\shlwapi.dll
0x00007ffd35af0000 - 0x00007ffd35b0f000 	C:\WINDOWS\SYSTEM32\profapi.dll
0x00007ffd17680000 - 0x00007ffd17699000 	C:\Program Files\Java\jdk-15.0.2\bin\net.dll
0x00007ffd2b250000 - 0x00007ffd2b359000 	C:\WINDOWS\SYSTEM32\WINHTTP.dll
0x00007ffd352a0000 - 0x00007ffd3530a000 	C:\WINDOWS\system32\mswsock.dll
0x00007ffd111b0000 - 0x00007ffd111c2000 	C:\Program Files\Java\jdk-15.0.2\bin\nio.dll
0x00007ffd0e170000 - 0x00007ffd0e188000 	C:\Program Files\Java\jdk-15.0.2\bin\zip.dll
0x000000006e700000 - 0x000000006e72a000 	C:\Users\Sam\AppData\Local\Temp\libgdxSam\e1cd32f8\gdx64.dll
0x00007ffd1a370000 - 0x00007ffd1a380000 	C:\Program Files\Java\jdk-15.0.2\bin\verify.dll
0x0000000180000000 - 0x0000000180053000 	C:\Users\Sam\AppData\Local\Temp\libgdxSam\1cecf4f6\lwjgl64.dll
0x00007ffcdffc0000 - 0x00007ffce00e6000 	C:\WINDOWS\SYSTEM32\OPENGL32.dll
0x00007ffd252c0000 - 0x00007ffd252ec000 	C:\WINDOWS\SYSTEM32\GLU32.dll
0x000001c41a210000 - 0x000001c41a274000 	C:\Users\Sam\AppData\Local\Temp\libgdxSam\1cecf4f6\OpenAL64.dll
0x00007ffd37a40000 - 0x00007ffd37b6a000 	C:\WINDOWS\System32\ole32.dll
0x00007ffd33310000 - 0x00007ffd333ae000 	C:\WINDOWS\system32\uxtheme.dll
0x00007ffd38280000 - 0x00007ffd38329000 	C:\WINDOWS\System32\clbcatq.dll
0x00007ffcc8970000 - 0x00007ffcc8a0c000 	C:\WINDOWS\SYSTEM32\dsound.dll
0x00007ffd1d890000 - 0x00007ffd1d8b6000 	C:\WINDOWS\SYSTEM32\winmmbase.dll
0x00007ffd35970000 - 0x00007ffd359bb000 	C:\WINDOWS\SYSTEM32\powrprof.dll
0x00007ffd35950000 - 0x00007ffd35962000 	C:\WINDOWS\SYSTEM32\UMPDC.dll
0x00007ffd30230000 - 0x00007ffd302b5000 	C:\WINDOWS\System32\MMDevApi.dll
0x00007ffd358e0000 - 0x00007ffd35913000 	C:\WINDOWS\System32\DEVOBJ.dll
0x00007ffd36230000 - 0x00007ffd3627e000 	C:\WINDOWS\System32\cfgmgr32.dll
0x00007ffd30660000 - 0x00007ffd307e2000 	C:\WINDOWS\SYSTEM32\AUDIOSES.DLL
0x00007ffd37420000 - 0x00007ffd374ed000 	C:\WINDOWS\System32\OLEAUT32.dll
0x00007ffd333e0000 - 0x00007ffd333f4000 	C:\WINDOWS\SYSTEM32\resourcepolicyclient.dll
0x00007ffd30fd0000 - 0x00007ffd3107e000 	C:\WINDOWS\SYSTEM32\mscms.dll
0x00007ffd35ab0000 - 0x00007ffd35ade000 	C:\WINDOWS\SYSTEM32\USERENV.dll
0x00007ffd31150000 - 0x00007ffd31161000 	C:\WINDOWS\SYSTEM32\ColorAdapterClient.dll
0x00007ffd21ee0000 - 0x00007ffd21f23000 	C:\Windows\System32\Windows.Internal.Graphics.Display.DisplayColorManagement.dll
0x00007ffd374f0000 - 0x00007ffd37606000 	C:\WINDOWS\System32\MSCTF.dll
0x00007ffd1eaa0000 - 0x00007ffd1eb99000 	C:\WINDOWS\SYSTEM32\textinputframework.dll
0x00007ffd32d30000 - 0x00007ffd32e22000 	C:\WINDOWS\System32\CoreMessaging.dll
0x00007ffd329d0000 - 0x00007ffd32d2e000 	C:\WINDOWS\System32\CoreUIComponents.dll
0x00007ffd32300000 - 0x00007ffd32454000 	C:\WINDOWS\SYSTEM32\wintypes.dll
0x00007ffd348b0000 - 0x00007ffd348e3000 	C:\WINDOWS\SYSTEM32\ntmarta.dll
0x00007ffd2e870000 - 0x00007ffd2e969000 	C:\Windows\System32\AppXDeploymentClient.dll
0x00007ffcf64f0000 - 0x00007ffcf651a000 	C:\WINDOWS\System32\DriverStore\FileRepository\u0366719.inf_amd64_de6b06f3cfe1e6ce\B366682\atig6pxx.dll
0x00007ffcae230000 - 0x00007ffcb1019000 	C:\WINDOWS\System32\DriverStore\FileRepository\u0366719.inf_amd64_de6b06f3cfe1e6ce\B366682\atio6axx.dll
0x00007ffd36800000 - 0x00007ffd36c70000 	C:\WINDOWS\System32\SETUPAPI.dll
0x00007ffd36200000 - 0x00007ffd36227000 	C:\WINDOWS\System32\bcrypt.dll
0x00007ffd28170000 - 0x00007ffd28194000 	C:\WINDOWS\SYSTEM32\dxva2.dll
0x00007ffd33610000 - 0x00007ffd3363f000 	C:\WINDOWS\SYSTEM32\dwmapi.dll
0x00007ffcde8c0000 - 0x00007ffcde8fc000 	C:\WINDOWS\System32\DriverStore\FileRepository\u0366719.inf_amd64_de6b06f3cfe1e6ce\B366682\atig6txx.dll
0x00007ffcc87b0000 - 0x00007ffcc8968000 	C:\WINDOWS\SYSTEM32\atiadlxx.dll
0x00007ffd31170000 - 0x00007ffd31266000 	C:\WINDOWS\SYSTEM32\PROPSYS.dll
0x00007ffd1d230000 - 0x00007ffd1d279000 	C:\WINDOWS\SYSTEM32\pdh.dll
0x00007ffd35bb0000 - 0x00007ffd35c18000 	C:\WINDOWS\System32\WINTRUST.dll
0x00007ffd36390000 - 0x00007ffd364e6000 	C:\WINDOWS\System32\CRYPT32.dll
0x00007ffd35720000 - 0x00007ffd35732000 	C:\WINDOWS\SYSTEM32\MSASN1.dll
0x00007ffd21dc0000 - 0x00007ffd21dfb000 	C:\WINDOWS\SYSTEM32\dxcore.dll
0x00007ffcf3060000 - 0x00007ffcf30a3000 	C:\WINDOWS\SYSTEM32\icm32.dll

dbghelp: loaded successfully - version: 4.0.5 - missing functions: none
symbol engine: initialized successfully - sym options: 0x614 - pdb path: .;C:\Program Files\Java\jdk-15.0.2\bin;C:\WINDOWS\SYSTEM32;C:\WINDOWS\WinSxS\amd64_microsoft.windows.common-controls_6595b64144ccf1df_6.0.19041.1110_none_60b5254171f9507e;C:\Program Files\Java\jdk-15.0.2\bin\server;C:\Users\Sam\AppData\Local\Temp\libgdxSam\e1cd32f8;C:\Users\Sam\AppData\Local\Temp\libgdxSam\1cecf4f6;C:\WINDOWS\System32\DriverStore\FileRepository\u0366719.inf_amd64_de6b06f3cfe1e6ce\B366682

VM Arguments:
jvm_args: -Dfile.encoding=windows-1252 -Duser.country=GB -Duser.language=en -Duser.variant 
java_command: main.desktop.DesktopLauncher
java_class_path (initial): C:\ComSci\eng1-team-6-master\desktop\build\classes\java\main;C:\ComSci\eng1-team-6-master\desktop\build\resources\main;C:\Users\Sam\.gradle\caches\modules-2\files-2.1\com.badlogicgames.gdx\gdx-backend-lwjgl\1.10.0\58ff89d9e4fd8a82591367f187d606e781cacc05\gdx-backend-lwjgl-1.10.0.jar;C:\Users\Sam\.gradle\caches\modules-2\files-2.1\com.badlogicgames.gdx\gdx-platform\1.10.0\9a8fa793d2fd6d360afc6c9e4c1f5583da263b88\gdx-platform-1.10.0-natives-desktop.jar;C:\Users\Sam\.gradle\caches\modules-2\files-2.1\com.badlogicgames.gdx\gdx-box2d-platform\1.10.0\588c4191c5a64ed39365e71484aa37d81c38eb5e\gdx-box2d-platform-1.10.0-natives-desktop.jar;C:\ComSci\eng1-team-6-master\core\build\libs\core-1.0.jar;C:\Users\Sam\.gradle\caches\modules-2\files-2.1\com.badlogicgames.gdx\gdx-box2d\1.10.0\b3a3c0f00b90716238835434d0ae8985604c37f8\gdx-box2d-1.10.0.jar;C:\Users\Sam\.gradle\caches\modules-2\files-2.1\com.badlogicgames.gdx\gdx\1.10.0\74c240f79dc4fb6b766a834249600d0a019d0489\gdx-1.10.0.jar;C:\Users\Sam\.gradle\caches\modules-2\files-2.1\org.lwjgl.lwjgl\lwjgl_util\2.9.3\751f06b62424da056954c67288fd5c494431e350\lwjgl_util-2.9.3.jar;C:\Users\Sam\.gradle\caches\modules-2\files-2.1\org.lwjgl.lwjgl\lwjgl\2.9.3\3df168ac74e4a8c96562cdff24ad352e255bf89c\lwjgl-2.9.3.jar;C:\Users\Sam\.gradle\caches\modules-2\files-2.1\com.badlogicgames.jlayer\jlayer\1.0.1-gdx\7cca83cec5c1b2f011362f4d85aabd71a73b049d\jlayer-1.0.1-gdx.jar;C:\Users\Sam\.gradle\caches\modules-2\files-2.1\org.jcraft\jorbis\0.0.17\8872d22b293e8f5d7d56ff92be966e6dc28ebdc6\jorbis-0.0.17.jar;C:\Users\Sam\.gradle\caches\modules-2\files-2.1\org.lwjgl.lwjgl\lwjgl-platform\2.9.3\fbc2afb3e288578e9942578decb6291a490549a0\lwjgl-platform-2.9.3-natives-windows.jar;C:\Users\Sam\.gradle\caches\modules-2\files-2.1\org.lwjgl.lwjgl\lwjgl-platform\2.9.3\b1eafe80093381c56415731e1d64279e6140bcd0\lwjgl-platform-2.9.3-natives-linux.jar;C:\Users\Sam\.gradle\caches\modules-2\files-2.1\org.lwjgl.lwjgl\lwjgl-platform\2.9.3\6686cf6ddaa2
Launcher Type: SUN_STANDARD

[Global flags]
     intx CICompilerCount                          = 4                                         {product} {ergonomic}
     uint ConcGCThreads                            = 3                                         {product} {ergonomic}
     uint G1ConcRefinementThreads                  = 10                                        {product} {ergonomic}
   size_t G1HeapRegionSize                         = 1048576                                   {product} {ergonomic}
    uintx GCDrainStackTargetSize                   = 64                                        {product} {ergonomic}
   size_t InitialHeapSize                          = 123731968                                 {product} {ergonomic}
   size_t MarkStackSize                            = 4194304                                   {product} {ergonomic}
   size_t MaxHeapSize                              = 1977614336                                {product} {ergonomic}
   size_t MaxNewSize                               = 1185939456                                {product} {ergonomic}
   size_t MinHeapDeltaBytes                        = 1048576                                   {product} {ergonomic}
   size_t MinHeapSize                              = 8388608                                   {product} {ergonomic}
    uintx NonNMethodCodeHeapSize                   = 5839372                                {pd product} {ergonomic}
    uintx NonProfiledCodeHeapSize                  = 122909434                              {pd product} {ergonomic}
    uintx ProfiledCodeHeapSize                     = 122909434                              {pd product} {ergonomic}
    uintx ReservedCodeCacheSize                    = 251658240                              {pd product} {ergonomic}
     bool SegmentedCodeCache                       = true                                      {product} {ergonomic}
   size_t SoftMaxHeapSize                          = 1977614336                             {manageable} {ergonomic}
     bool UseCompressedClassPointers               = true                                 {lp64_product} {ergonomic}
     bool UseCompressedOops                        = true                                 {lp64_product} {ergonomic}
     bool UseG1GC                                  = true                                      {product} {ergonomic}
     bool UseLargePagesIndividualAllocation        = false                                  {pd product} {ergonomic}

Logging:
Log output configuration:
 #0: stdout all=warning uptime,level,tags
 #1: stderr all=off uptime,level,tags

Environment Variables:
PATH=C:\Program Files\AdoptOpenJDK\jdk-11.0.11.9-hotspot\bin;C:\Program Files (x86)\Common Files\Oracle\Java\javapath;C:\Program Files\Common Files\Oracle\Java\javapath;C:\windows\system32;C:\windows;C:\windows\System32\Wbem;C:\windows\System32\WindowsPowerShell\v1.0\;C:\windows\System32\OpenSSH\;C:\Program Files (x86)\NVIDIA Corporation\PhysX\Common;C:\Program Files\NVIDIA Corporation\NVIDIA NvDLISR;C:\WINDOWS\system32;C:\WINDOWS;C:\WINDOWS\System32\Wbem;C:\WINDOWS\System32\WindowsPowerShell\v1.0\;C:\WINDOWS\System32\OpenSSH\;C:\Program Files\PuTTY\;C:\Program Files (x86)\Pulse Secure\VC142.CRT\X64\;C:\Program Files (x86)\Pulse Secure\VC142.CRT\X86\;C:\Program Files\Git\cmd;C:\Users\Sam\AppData\Local\Microsoft\WindowsApps;C:\Users\Sam\AppData\Local\Programs\Microsoft VS Code\bin;C:\Users\Sam\AppData\Local\GitHubDesktop\bin;C:\ghcup\bin
USERNAME=Sam
OS=Windows_NT
PROCESSOR_IDENTIFIER=AMD64 Family 23 Model 96 Stepping 1, AuthenticAMD



---------------  S Y S T E M  ---------------

OS:
 Windows 10 , 64 bit Build 19041 (10.0.19041.1566)
OS uptime: 3 days 7:46 hours

CPU: total 12 (initial active 12) (12 cores per cpu, 2 threads per core) family 23 model 96 stepping 1 microcode 0x0, cmov, cx8, fxsr, mmx, sse, sse2, sse3, ssse3, sse4.1, sse4.2, popcnt, vzeroupper, avx, avx2, aes, clmul, 3dnowpref, lzcnt, sse4a, ht, tsc, tscinvbit, tscinv, bmi1, bmi2, adx, sha, fma, clflush, clflushopt

Memory: 4k page, system-wide physical 7541M (866M free)
TotalPageFile size 25037M (AvailPageFile size 4702M)
current process WorkingSet (physical memory assigned to process): 136M, peak: 136M
current process commit charge ("private bytes"): 329M, peak: 332M

vm_info: Java HotSpot(TM) 64-Bit Server VM (15.0.2+7-27) for windows-amd64 JRE (15.0.2+7-27), built on Dec  7 2020 20:07:01 by "mach5one" with unknown MS VC++:1925

END.
